<?xml version="1.0" encoding="UTF-8"?>
<testng-results skipped="0" failed="0" total="1" passed="1">
  <reporter-output>
  </reporter-output>
  <suite name="Suite" duration-ms="50084" started-at="2017-06-24T10:06:03Z" finished-at="2017-06-24T10:06:53Z">
    <groups>
    </groups>
    <test name="Test" duration-ms="50084" started-at="2017-06-24T10:06:03Z" finished-at="2017-06-24T10:06:53Z">
      <class name="com.testingMeven.myTestMaven.AppiumTest">
        <test-method status="PASS" signature="beforeTest()[pri:0, instance:com.testingMeven.myTestMaven.AppiumTest@3b6eb2ec]" name="beforeTest" is-config="true" duration-ms="20371" started-at="2017-06-24T15:36:03Z" finished-at="2017-06-24T15:36:23Z">
          <reporter-output>
          </reporter-output>
        </test-method> <!-- beforeTest -->
        <test-method status="PASS" signature="mobileApp()[pri:0, instance:com.testingMeven.myTestMaven.AppiumTest@3b6eb2ec]" name="mobileApp" duration-ms="22367" started-at="2017-06-24T15:36:23Z" finished-at="2017-06-24T15:36:46Z">
          <reporter-output>
          </reporter-output>
        </test-method> <!-- mobileApp -->
        <test-method status="PASS" signature="afterTest()[pri:0, instance:com.testingMeven.myTestMaven.AppiumTest@3b6eb2ec]" name="afterTest" is-config="true" duration-ms="7334" started-at="2017-06-24T15:36:46Z" finished-at="2017-06-24T15:36:53Z">
          <reporter-output>
          </reporter-output>
        </test-method> <!-- afterTest -->
      </class> <!-- com.testingMeven.myTestMaven.AppiumTest -->
    </test> <!-- Test -->
  </suite> <!-- Suite -->
</testng-results>
