<?xml version="1.0" encoding="UTF-8"?>
<!-- Generated by org.testng.reporters.JUnitXMLReporter -->
<testsuite hostname="s-PC" name="Default test" tests="3" failures="0" timestamp="14 Feb 2016 08:33:44 GMT" time="49.185" errors="0">
  <testcase name="testtwo" time="30.97" classname="com.testingMeven.myTestMaven.tetMevan"/>
  <testcase name="testjava" time="0.0" classname="com.testingMeven.myTestMaven.App"/>
  <testcase name="TestMyMaven" time="18.105" classname="com.testingMeven.myTestMaven.myclass"/>
</testsuite> <!-- Default test -->
